<?xml version="1.0" encoding="UTF-8"?>
<!-- Generated by org.testng.reporters.JUnitReportReporter -->
<testsuite name="com.qmetry.qaf.example.test.FoodTestCasesAdv" tests="6" time="339.966" ignored="0" failures="0" timestamp="10 May 2020 01:04:05 GMT" skipped="0" hostname="VaidhuSanthu" errors="0">
  <testcase name="verifyReviewForGuest" time="86.027" classname="com.qmetry.qaf.example.test.FoodTestCasesAdv"/>
  <testcase name="verifySearchResults" time="45.030" classname="com.qmetry.qaf.example.test.FoodTestCasesAdv"/>
  <testcase name="verifyInvalidSearch" time="24.218" classname="com.qmetry.qaf.example.test.FoodTestCasesAdv"/>
  <testcase name="verifySaveForGuest" time="65.940" classname="com.qmetry.qaf.example.test.FoodTestCasesAdv"/>
  <testcase name="verifySaveForRegUser" time="86.996" classname="com.qmetry.qaf.example.test.FoodTestCasesAdv"/>
  <testcase name="verifyTestFoodReceipeTitle" time="31.755" classname="com.qmetry.qaf.example.test.FoodTestCasesAdv"/>
</testsuite> <!-- com.qmetry.qaf.example.test.FoodTestCasesAdv -->
