<?xml version="1.0" encoding="UTF-8"?>
<!-- Generated by org.testng.reporters.JUnitReportReporter -->
<testsuite name="com.qmetry.qaf.example.test.WsTesting" tests="1" time="1.090" ignored="0" failures="0" timestamp="18 May 2020 16:49:39 GMT" skipped="0" hostname="VaidhuSanthu" errors="0">
  <testcase name="getCallTest" time="1.090" classname="com.qmetry.qaf.example.test.WsTesting"/>
</testsuite> <!-- com.qmetry.qaf.example.test.WsTesting -->
