<?xml version="1.0" encoding="UTF-8"?>
<!-- Generated by org.testng.reporters.JUnitReportReporter -->
<testsuite name="com.qmetry.qaf.automation.step.client.Scenario" tests="1" time="1.403" ignored="0" failures="0" timestamp="18 May 2020 05:33:44 GMT" skipped="0" hostname="VaidhuSanthu" errors="1">
  <testcase name="WebServiceTesting" time="1.403" classname="com.qmetry.qaf.automation.step.client.Scenario">
    <error type="java.lang.NoSuchMethodError" message="org.hamcrest.Matcher.describeMismatch(Ljava/lang/Object;Lorg/hamcrest/Description;)V">
      <![CDATA[java.lang.NoSuchMethodError: org.hamcrest.Matcher.describeMismatch(Ljava/lang/Object;Lorg/hamcrest/Description;)V
	at .Then response should have status code '200'(scenarios/suite1.bdd:4)
	at com.qmetry.qaf.automation.util.Validator.verifyThat(Validator.java:48)
	at com.qmetry.qaf.automation.util.Validator.assertThat(Validator.java:68)
	at com.qmetry.qaf.automation.step.WsStep.responseShouldHaveStatusCode_aroundBody2(WsStep.java:130)
	at com.qmetry.qaf.automation.step.JavaStepReporter.javaTestStep(JavaStepReporter.java:101)
	at com.qmetry.qaf.automation.step.WsStep.responseShouldHaveStatusCode(WsStep.java:129)
	at com.qmetry.qaf.automation.step.JavaStep.doExecute(JavaStep.java:153)
	at com.qmetry.qaf.automation.step.BaseTestStep.execute(BaseTestStep.java:149)
	at com.qmetry.qaf.automation.step.StringTestStep.execute(StringTestStep.java:134)
	at com.qmetry.qaf.automation.step.client.Scenario.execute(Scenario.java:180)
	at com.qmetry.qaf.automation.step.client.Scenario.scenario(Scenario.java:232)
]]>
    </error>
  </testcase> <!-- WebServiceTesting -->
</testsuite> <!-- com.qmetry.qaf.automation.step.client.Scenario -->
