<?xml version="1.0" encoding="UTF-8"?>
<!-- Generated by org.testng.reporters.JUnitReportReporter -->
<testsuite name="com.qmetry.qaf.automation.step.client.DataDrivenScenario" tests="6" time="302.729" ignored="6" failures="0" timestamp="10 May 2020 22:06:37 GMT" skipped="0" hostname="VaidhuSanthu" errors="0">
  <testcase name="verify Test Food Receipe Title" time="13.499" classname="com.qmetry.qaf.automation.step.client.DataDrivenScenario"/>
  <testcase name="verify Save Recipe Action for Guest User" time="66.177" classname="com.qmetry.qaf.automation.step.client.DataDrivenScenario"/>
  <testcase name="verify Invalid Search" time="24.825" classname="com.qmetry.qaf.automation.step.client.DataDrivenScenario"/>
  <testcase name="verify Search Results" time="24.800" classname="com.qmetry.qaf.automation.step.client.DataDrivenScenario"/>
  <testcase name="Verify SAVES Button functionality" time="86.537" classname="com.qmetry.qaf.automation.step.client.DataDrivenScenario"/>
  <testcase name="verify Review Recipe Action for Guest User" time="86.891" classname="com.qmetry.qaf.automation.step.client.DataDrivenScenario"/>
  <testcase name="verify Test Food Receipe Title" classname="com.qmetry.qaf.automation.step.client.DataDrivenScenario">
    <skipped/>
  </testcase> <!-- verify Test Food Receipe Title -->
  <testcase name="verify Search Results" classname="com.qmetry.qaf.automation.step.client.DataDrivenScenario">
    <skipped/>
  </testcase> <!-- verify Search Results -->
  <testcase name="verify Save Recipe Action for Guest User" classname="com.qmetry.qaf.automation.step.client.DataDrivenScenario">
    <skipped/>
  </testcase> <!-- verify Save Recipe Action for Guest User -->
  <testcase name="verify Review Recipe Action for Guest User" classname="com.qmetry.qaf.automation.step.client.DataDrivenScenario">
    <skipped/>
  </testcase> <!-- verify Review Recipe Action for Guest User -->
  <testcase name="verify Invalid Search" classname="com.qmetry.qaf.automation.step.client.DataDrivenScenario">
    <skipped/>
  </testcase> <!-- verify Invalid Search -->
  <testcase name="Verify SAVES Button functionality" classname="com.qmetry.qaf.automation.step.client.DataDrivenScenario">
    <skipped/>
  </testcase> <!-- Verify SAVES Button functionality -->
</testsuite> <!-- com.qmetry.qaf.automation.step.client.DataDrivenScenario -->
