<?xml version="1.0" encoding="UTF-8"?>
<!-- Generated by org.testng.reporters.JUnitReportReporter -->
<testsuite name="com.qmetry.qaf.example.test.WebServiceTest" tests="1" time="1.293" ignored="0" failures="0" timestamp="16 May 2020 23:11:38 GMT" skipped="0" hostname="VaidhuSanthu" errors="0">
  <testcase name="createOrder" time="1.293" classname="com.qmetry.qaf.example.test.WebServiceTest"/>
</testsuite> <!-- com.qmetry.qaf.example.test.WebServiceTest -->
