<?xml version="1.0" encoding="UTF-8"?>
<!-- Generated by org.testng.reporters.JUnitReportReporter -->
<testsuite name="com.qmetry.qaf.example.test.WebServiceTesting" tests="3" time="19.126" ignored="0" failures="0" timestamp="17 May 2020 21:40:30 GMT" skipped="0" hostname="VaidhuSanthu" errors="0">
  <testcase name="getCallTest" time="0.032" classname="com.qmetry.qaf.example.test.WebServiceTesting"/>
  <testcase name="validatePost" time="18.871" classname="com.qmetry.qaf.example.test.WebServiceTesting"/>
  <testcase name="validateJsonPath" time="0.223" classname="com.qmetry.qaf.example.test.WebServiceTesting"/>
</testsuite> <!-- com.qmetry.qaf.example.test.WebServiceTesting -->
