<?xml version="1.0" encoding="UTF-8"?>
<!-- Generated by org.testng.reporters.JUnitReportReporter -->
<testsuite name="com.qmetry.qaf.example.test.SampleTest2" tests="2" time="35.090" ignored="0" failures="0" timestamp="10 May 2020 00:09:50 GMT" skipped="0" hostname="VaidhuSanthu" errors="0">
  <testcase name="metaDataTestExample" time="1.332" classname="com.qmetry.qaf.example.test.SampleTest2"/>
  <testcase name="verifyTestFoodReceipeTitle" time="33.758" classname="com.qmetry.qaf.example.test.SampleTest2"/>
</testsuite> <!-- com.qmetry.qaf.example.test.SampleTest2 -->
